<?xml version="1.0" encoding="UTF-8"?>
<!-- Generated by org.testng.reporters.JUnitXMLReporter -->
<testsuite ignored="0" hostname="DESKTOP-U67KA0C" failures="0" tests="10" name="Default test" time="165.583" errors="0" timestamp="2022-01-18T23:50:42 IST">
  <testcase classname="runner.WebApp" name="HomePage" time="0.969"/>
  <testcase classname="runner.WebApp" name="SignUp" time="1.078"/>
  <testcase classname="runner.WebApp" name="HomepageLogin" time="0.725"/>
  <testcase classname="runner.WebApp" name="AboutPage" time="1.609"/>
  <testcase classname="runner.WebApp" name="ContactPage" time="2.6"/>
  <testcase classname="runner.WebApp" name="OnewayPage" time="11.345"/>
  <testcase classname="runner.WebApp" name="LocalPage" time="14.274"/>
  <testcase classname="runner.WebApp" name="OutstationPage" time="28.232"/>
  <testcase classname="runner.WebApp" name="AirportPage" time="22.766"/>
  <testcase classname="runner.WebApp" name="CorporatePage" time="7.901"/>
</testsuite> <!-- Default test -->
