<?xml version="1.0" encoding="UTF-8"?>
<testng-results ignored="0" total="10" passed="10" failed="0" skipped="0">
  <reporter-output>
  </reporter-output>
  <suite started-at="2022-01-18T23:47:57 IST" name="Default suite" finished-at="2022-01-18T23:50:42 IST" duration-ms="165583">
    <groups>
    </groups>
    <test started-at="2022-01-18T23:47:57 IST" name="Default test" finished-at="2022-01-18T23:50:42 IST" duration-ms="165583">
      <class name="runner.WebApp">
        <test-method is-config="true" signature="Before()[pri:0, instance:runner.WebApp@558bdf1f]" started-at="2022-01-18T23:47:57 IST" name="Before" finished-at="2022-01-18T23:48:15 IST" duration-ms="18009" status="PASS">
          <reporter-output>
          </reporter-output>
        </test-method> <!-- Before -->
        <test-method signature="HomePage()[pri:1, instance:runner.WebApp@558bdf1f]" started-at="2022-01-18T23:48:15 IST" name="HomePage" finished-at="2022-01-18T23:48:16 IST" duration-ms="969" status="PASS">
          <reporter-output>
          </reporter-output>
        </test-method> <!-- HomePage -->
        <test-method is-config="true" signature="After()[pri:0, instance:runner.WebApp@558bdf1f]" started-at="2022-01-18T23:48:16 IST" name="After" finished-at="2022-01-18T23:48:16 IST" duration-ms="340" status="PASS">
          <reporter-output>
          </reporter-output>
        </test-method> <!-- After -->
        <test-method is-config="true" signature="Before()[pri:0, instance:runner.WebApp@558bdf1f]" started-at="2022-01-18T23:48:16 IST" name="Before" finished-at="2022-01-18T23:48:21 IST" duration-ms="5130" status="PASS">
          <reporter-output>
          </reporter-output>
        </test-method> <!-- Before -->
        <test-method signature="SignUp()[pri:2, instance:runner.WebApp@558bdf1f]" started-at="2022-01-18T23:48:21 IST" name="SignUp" finished-at="2022-01-18T23:48:22 IST" duration-ms="1078" status="PASS">
          <reporter-output>
          </reporter-output>
        </test-method> <!-- SignUp -->
        <test-method is-config="true" signature="After()[pri:0, instance:runner.WebApp@558bdf1f]" started-at="2022-01-18T23:48:22 IST" name="After" finished-at="2022-01-18T23:48:23 IST" duration-ms="311" status="PASS">
          <reporter-output>
          </reporter-output>
        </test-method> <!-- After -->
        <test-method is-config="true" signature="Before()[pri:0, instance:runner.WebApp@558bdf1f]" started-at="2022-01-18T23:48:23 IST" name="Before" finished-at="2022-01-18T23:48:28 IST" duration-ms="5577" status="PASS">
          <reporter-output>
          </reporter-output>
        </test-method> <!-- Before -->
        <test-method signature="HomepageLogin()[pri:3, instance:runner.WebApp@558bdf1f]" started-at="2022-01-18T23:48:28 IST" name="HomepageLogin" finished-at="2022-01-18T23:48:29 IST" duration-ms="725" status="PASS">
          <reporter-output>
          </reporter-output>
        </test-method> <!-- HomepageLogin -->
        <test-method is-config="true" signature="After()[pri:0, instance:runner.WebApp@558bdf1f]" started-at="2022-01-18T23:48:29 IST" name="After" finished-at="2022-01-18T23:48:29 IST" duration-ms="274" status="PASS">
          <reporter-output>
          </reporter-output>
        </test-method> <!-- After -->
        <test-method is-config="true" signature="Before()[pri:0, instance:runner.WebApp@558bdf1f]" started-at="2022-01-18T23:48:29 IST" name="Before" finished-at="2022-01-18T23:48:34 IST" duration-ms="5269" status="PASS">
          <reporter-output>
          </reporter-output>
        </test-method> <!-- Before -->
        <test-method signature="AboutPage()[pri:4, instance:runner.WebApp@558bdf1f]" started-at="2022-01-18T23:48:34 IST" name="AboutPage" finished-at="2022-01-18T23:48:36 IST" duration-ms="1609" status="PASS">
          <reporter-output>
          </reporter-output>
        </test-method> <!-- AboutPage -->
        <test-method is-config="true" signature="After()[pri:0, instance:runner.WebApp@558bdf1f]" started-at="2022-01-18T23:48:36 IST" name="After" finished-at="2022-01-18T23:48:36 IST" duration-ms="306" status="PASS">
          <reporter-output>
          </reporter-output>
        </test-method> <!-- After -->
        <test-method is-config="true" signature="Before()[pri:0, instance:runner.WebApp@558bdf1f]" started-at="2022-01-18T23:48:36 IST" name="Before" finished-at="2022-01-18T23:48:43 IST" duration-ms="7017" status="PASS">
          <reporter-output>
          </reporter-output>
        </test-method> <!-- Before -->
        <test-method signature="ContactPage()[pri:5, instance:runner.WebApp@558bdf1f]" started-at="2022-01-18T23:48:43 IST" name="ContactPage" finished-at="2022-01-18T23:48:46 IST" duration-ms="2600" status="PASS">
          <reporter-output>
          </reporter-output>
        </test-method> <!-- ContactPage -->
        <test-method is-config="true" signature="After()[pri:0, instance:runner.WebApp@558bdf1f]" started-at="2022-01-18T23:48:46 IST" name="After" finished-at="2022-01-18T23:48:46 IST" duration-ms="309" status="PASS">
          <reporter-output>
          </reporter-output>
        </test-method> <!-- After -->
        <test-method is-config="true" signature="Before()[pri:0, instance:runner.WebApp@558bdf1f]" started-at="2022-01-18T23:48:46 IST" name="Before" finished-at="2022-01-18T23:48:51 IST" duration-ms="4917" status="PASS">
          <reporter-output>
          </reporter-output>
        </test-method> <!-- Before -->
        <test-method signature="OnewayPage()[pri:6, instance:runner.WebApp@558bdf1f]" started-at="2022-01-18T23:48:51 IST" name="OnewayPage" finished-at="2022-01-18T23:49:02 IST" duration-ms="11345" status="PASS">
          <reporter-output>
          </reporter-output>
        </test-method> <!-- OnewayPage -->
        <test-method is-config="true" signature="After()[pri:0, instance:runner.WebApp@558bdf1f]" started-at="2022-01-18T23:49:02 IST" name="After" finished-at="2022-01-18T23:49:03 IST" duration-ms="353" status="PASS">
          <reporter-output>
          </reporter-output>
        </test-method> <!-- After -->
        <test-method is-config="true" signature="Before()[pri:0, instance:runner.WebApp@558bdf1f]" started-at="2022-01-18T23:49:03 IST" name="Before" finished-at="2022-01-18T23:49:09 IST" duration-ms="6518" status="PASS">
          <reporter-output>
          </reporter-output>
        </test-method> <!-- Before -->
        <test-method signature="LocalPage()[pri:7, instance:runner.WebApp@558bdf1f]" started-at="2022-01-18T23:49:09 IST" name="LocalPage" finished-at="2022-01-18T23:49:24 IST" duration-ms="14274" status="PASS">
          <reporter-output>
          </reporter-output>
        </test-method> <!-- LocalPage -->
        <test-method is-config="true" signature="After()[pri:0, instance:runner.WebApp@558bdf1f]" started-at="2022-01-18T23:49:24 IST" name="After" finished-at="2022-01-18T23:49:24 IST" duration-ms="352" status="PASS">
          <reporter-output>
          </reporter-output>
        </test-method> <!-- After -->
        <test-method is-config="true" signature="Before()[pri:0, instance:runner.WebApp@558bdf1f]" started-at="2022-01-18T23:49:24 IST" name="Before" finished-at="2022-01-18T23:49:29 IST" duration-ms="4949" status="PASS">
          <reporter-output>
          </reporter-output>
        </test-method> <!-- Before -->
        <test-method signature="OutstationPage()[pri:8, instance:runner.WebApp@558bdf1f]" started-at="2022-01-18T23:49:29 IST" name="OutstationPage" finished-at="2022-01-18T23:49:57 IST" duration-ms="28232" status="PASS">
          <reporter-output>
          </reporter-output>
        </test-method> <!-- OutstationPage -->
        <test-method is-config="true" signature="After()[pri:0, instance:runner.WebApp@558bdf1f]" started-at="2022-01-18T23:49:57 IST" name="After" finished-at="2022-01-18T23:49:57 IST" duration-ms="323" status="PASS">
          <reporter-output>
          </reporter-output>
        </test-method> <!-- After -->
        <test-method is-config="true" signature="Before()[pri:0, instance:runner.WebApp@558bdf1f]" started-at="2022-01-18T23:49:57 IST" name="Before" finished-at="2022-01-18T23:50:03 IST" duration-ms="5931" status="PASS">
          <reporter-output>
          </reporter-output>
        </test-method> <!-- Before -->
        <test-method signature="AirportPage()[pri:9, instance:runner.WebApp@558bdf1f]" started-at="2022-01-18T23:50:03 IST" name="AirportPage" finished-at="2022-01-18T23:50:26 IST" duration-ms="22766" status="PASS">
          <reporter-output>
          </reporter-output>
        </test-method> <!-- AirportPage -->
        <test-method is-config="true" signature="After()[pri:0, instance:runner.WebApp@558bdf1f]" started-at="2022-01-18T23:50:26 IST" name="After" finished-at="2022-01-18T23:50:27 IST" duration-ms="404" status="PASS">
          <reporter-output>
          </reporter-output>
        </test-method> <!-- After -->
        <test-method is-config="true" signature="Before()[pri:0, instance:runner.WebApp@558bdf1f]" started-at="2022-01-18T23:50:27 IST" name="Before" finished-at="2022-01-18T23:50:34 IST" duration-ms="7363" status="PASS">
          <reporter-output>
          </reporter-output>
        </test-method> <!-- Before -->
        <test-method signature="CorporatePage()[pri:10, instance:runner.WebApp@558bdf1f]" started-at="2022-01-18T23:50:34 IST" name="CorporatePage" finished-at="2022-01-18T23:50:42 IST" duration-ms="7901" status="PASS">
          <reporter-output>
          </reporter-output>
        </test-method> <!-- CorporatePage -->
        <test-method is-config="true" signature="After()[pri:0, instance:runner.WebApp@558bdf1f]" started-at="2022-01-18T23:50:42 IST" name="After" finished-at="2022-01-18T23:50:42 IST" duration-ms="375" status="PASS">
          <reporter-output>
          </reporter-output>
        </test-method> <!-- After -->
        <test-method is-config="true" signature="flush()[pri:0, instance:runner.WebApp@558bdf1f]" started-at="2022-01-18T23:50:42 IST" name="flush" finished-at="2022-01-18T23:50:43 IST" duration-ms="535" status="PASS">
          <reporter-output>
          </reporter-output>
        </test-method> <!-- flush -->
      </class> <!-- runner.WebApp -->
    </test> <!-- Default test -->
  </suite> <!-- Default suite -->
</testng-results>
